2023-07-02 16:33:15 Error: Fatal Error (4): syntax error, unexpected '`' in [/home/arcv/domains/arcvhanoi.com/public_html/app/Plugin/Default/Controller/CommonController.php, line 20]
2023-07-02 16:36:33 Error: Fatal Error (4): syntax error, unexpected '`' in [/home/arcv/domains/arcvhanoi.com/public_html/app/Plugin/Default/Controller/CommonController.php, line 20]
2023-07-02 16:38:06 Error: Fatal Error (4): syntax error, unexpected '`' in [/home/arcv/domains/arcvhanoi.com/public_html/app/Plugin/Default/Controller/CommonController.php, line 20]
2023-07-02 16:42:06 Error: Fatal Error (1): Call to a member function find() on null in [/home/arcv/domains/arcvhanoi.com/public_html/app/Plugin/Default/Controller/CommonController.php, line 20]
2023-07-02 17:00:27 Error: Fatal Error (4): syntax error, unexpected ''filter_name'' (T_CONSTANT_ENCAPSED_STRING), expecting ')' in [/home/arcv/domains/arcvhanoi.com/public_html/app/Plugin/Default/Controller/CommonController.php, line 26]
2023-07-02 17:06:19 Error: Fatal Error (64): Cannot use [] for reading in [/home/arcv/domains/arcvhanoi.com/public_html/app/Plugin/Default/Controller/CommonController.php, line 27]
2023-07-02 17:27:15 Error: Fatal Error (4): syntax error, unexpected '=>' (T_DOUBLE_ARROW) in [/home/arcv/domains/arcvhanoi.com/public_html/app/Plugin/Default/Controller/CommonController.php, line 54]
2023-07-02 17:36:12 Error: Fatal Error (4): syntax error, unexpected '>', expecting variable (T_VARIABLE) or '$' in [/home/arcv/domains/arcvhanoi.com/public_html/app/Plugin/Default/Controller/CommonController.php, line 81]
2023-07-02 17:56:50 Error: Fatal Error (4): syntax error, unexpected '=' in [/home/arcv/domains/arcvhanoi.com/public_html/app/Plugin/Default/Controller/CommonController.php, line 76]
2023-07-02 17:58:46 Error: Fatal Error (4): syntax error, unexpected '=>' (T_DOUBLE_ARROW) in [/home/arcv/domains/arcvhanoi.com/public_html/app/Plugin/Default/Controller/CommonController.php, line 38]
2023-07-02 17:59:17 Error: Fatal Error (4): syntax error, unexpected '''' (T_CONSTANT_ENCAPSED_STRING) in [/home/arcv/domains/arcvhanoi.com/public_html/app/Plugin/Default/Controller/CommonController.php, line 38]
2023-07-02 17:59:30 Error: Fatal Error (4): syntax error, unexpected '''' (T_CONSTANT_ENCAPSED_STRING) in [/home/arcv/domains/arcvhanoi.com/public_html/app/Plugin/Default/Controller/CommonController.php, line 38]
2023-07-02 17:59:49 Error: Fatal Error (4): syntax error, unexpected ',' in [/home/arcv/domains/arcvhanoi.com/public_html/app/Plugin/Default/Controller/CommonController.php, line 38]
2023-08-26 09:25:16 Error: Fatal Error (4): syntax error, unexpected '" alt="' (T_CONSTANT_ENCAPSED_STRING) in [/home/samtp/domains/samtp.webi.vn/public_html/sangtravel0823/app/View/Themed/Default/Plugin/Default/Home/home_index.ctp, line 64]
2023-08-28 03:39:27 Error: Fatal Error (4): syntax error, unexpected ''js/bundle.js'' (T_CONSTANT_ENCAPSED_STRING), expecting ')' in [/home/samtp/domains/samtp.webi.vn/public_html/sangtravel0823/app/View/Themed/Default/Elements/footer.ctp, line 313]
2023-08-29 15:50:45 Error: Fatal Error (64): Cannot redeclare ContactController::thanks() in [/home/samtp/domains/samtp.webi.vn/public_html/sangtravel0823/app/Plugin/Default/Controller/ContactController.php, line 470]
2023-08-29 19:15:07 Error: Fatal Error (4): syntax error, unexpected ';', expecting identifier (T_STRING) or variable (T_VARIABLE) or '{' or '$' in [/home/samtp/domains/samtp.webi.vn/public_html/sangtravel0823/app/View/Themed/Default/Plugin/Default/Node/product_list.ctp, line 124]
2023-08-29 19:20:14 Error: Fatal Error (4): syntax error, unexpected ';', expecting identifier (T_STRING) or variable (T_VARIABLE) or '{' or '$' in [/home/samtp/domains/samtp.webi.vn/public_html/sangtravel0823/app/View/Themed/Default/Plugin/Default/Node/product_list.ctp, line 124]
2023-08-29 19:20:59 Error: Fatal Error (4): syntax error, unexpected ';', expecting identifier (T_STRING) or variable (T_VARIABLE) or '{' or '$' in [/home/samtp/domains/samtp.webi.vn/public_html/sangtravel0823/app/View/Themed/Default/Plugin/Default/Node/product_list.ctp, line 124]
2023-08-30 15:27:27 Error: Fatal Error (4): syntax error, unexpected '}' in [/home/samtp/domains/samtp.webi.vn/public_html/sangtravel0823/app/View/Themed/Default/Elements/menu.ctp, line 49]
2023-09-05 10:54:37 Error: Fatal Error (1): Cannot break/continue 1 level in [/home/samtp/domains/samtp.webi.vn/public_html/sangtravel0823/app/View/Themed/Default/Plugin/Default/Home/home_index.ctp, line 44]
2023-09-05 10:54:44 Error: Fatal Error (1): Cannot break/continue 1 level in [/home/samtp/domains/samtp.webi.vn/public_html/sangtravel0823/app/View/Themed/Default/Plugin/Default/Home/home_index.ctp, line 44]
2023-09-05 10:54:45 Error: Fatal Error (1): Cannot break/continue 1 level in [/home/samtp/domains/samtp.webi.vn/public_html/sangtravel0823/app/View/Themed/Default/Plugin/Default/Home/home_index.ctp, line 44]
2023-09-05 10:54:47 Error: Fatal Error (1): Cannot break/continue 1 level in [/home/samtp/domains/samtp.webi.vn/public_html/sangtravel0823/app/View/Themed/Default/Plugin/Default/Home/home_index.ctp, line 44]
2023-09-05 16:14:54 Error: Fatal Error (4): syntax error, unexpected '$i' (T_VARIABLE) in [/home/samtp/domains/samtp.webi.vn/public_html/sangtravel0823/app/View/Themed/Default/Plugin/Default/Node/news_list.ctp, line 152]
